[0m[[0m[0mdebug[0m] [0m[0m> Exec(console, Some(10b4997a-cebd-40fc-82f1-eaae5f60938c), Some(CommandSource(console0)))[0m
[0m[[0m[0mdebug[0m] [0m[0mEvaluating tasks: Compile / console[0m
[0m[[0m[0mdebug[0m] [0m[0mRunning task... Cancel: Signal, check cycles: false, forcegc: true[0m
[0m[[0m[0minfo[0m] [0m[0mcompiling 5 Scala sources to C:\Users\Jose Daniel\Desktop\ProyectoFPFC\target\scala-3.3.3\classes ...[0m
[0m[[0m[31merror[0m] [0m[0m[31m[31m-- [E006] Not Found Error: C:\Users\Jose Daniel\Desktop\ProyectoFPFC\src\main\scala\Datos\package.scala:13:4 [0m[0m[0m
[0m[[0m[31merror[0m] [0m[0m[31m13 |[0m    Aeropuerto([31m"CLO"[0m, [31m100[0m, [31m200[0m, -[31m500[0m), [34m// Cali[0m
[0m[[0m[31merror[0m] [0m[0m[31m[31m   |[0m    ^^^^^^^^^^[0m[0m
[0m[[0m[31merror[0m] [0m[0m[31m   |[0m    Not found: Aeropuerto[0m
[0m[[0m[31merror[0m] [0m[0m[31m   |[0m[0m
[0m[[0m[31merror[0m] [0m[0m[31m   |[0m longer explanation available when compiling with `-explain`[0m
[0m[[0m[31merror[0m] [0m[0m[31m[31m-- [E006] Not Found Error: C:\Users\Jose Daniel\Desktop\ProyectoFPFC\src\main\scala\Datos\package.scala:14:4 [0m[0m[0m
[0m[[0m[31merror[0m] [0m[0m[31m14 |[0m    Aeropuerto([31m"BOG"[0m, [31m300[0m, [31m500[0m, -[31m500[0m), [34m// Bogotá[0m
[0m[[0m[31merror[0m] [0m[0m[31m[31m   |[0m    ^^^^^^^^^^[0m[0m
[0m[[0m[31merror[0m] [0m[0m[31m   |[0m    Not found: Aeropuerto[0m
[0m[[0m[31merror[0m] [0m[0m[31m   |[0m[0m
[0m[[0m[31merror[0m] [0m[0m[31m   |[0m longer explanation available when compiling with `-explain`[0m
[0m[[0m[31merror[0m] [0m[0m[31m[31m-- [E006] Not Found Error: C:\Users\Jose Daniel\Desktop\ProyectoFPFC\src\main\scala\Datos\package.scala:15:4 [0m[0m[0m
[0m[[0m[31merror[0m] [0m[0m[31m15 |[0m    Aeropuerto([31m"MDE"[0m, [31m200[0m, [31m600[0m, -[31m500[0m), [34m// Medellín[0m
[0m[[0m[31merror[0m] [0m[0m[31m[31m   |[0m    ^^^^^^^^^^[0m[0m
[0m[[0m[31merror[0m] [0m[0m[31m   |[0m    Not found: Aeropuerto[0m
[0m[[0m[31merror[0m] [0m[0m[31m   |[0m[0m
[0m[[0m[31merror[0m] [0m[0m[31m   |[0m longer explanation available when compiling with `-explain`[0m
[0m[[0m[31merror[0m] [0m[0m[31m[31m-- [E006] Not Found Error: C:\Users\Jose Daniel\Desktop\ProyectoFPFC\src\main\scala\Datos\package.scala:16:4 [0m[0m[0m
[0m[[0m[31merror[0m] [0m[0m[31m16 |[0m    Aeropuerto([31m"BAQ"[0m, [31m350[0m, [31m850[0m, -[31m500[0m), [34m// Barranquilla[0m
[0m[[0m[31merror[0m] [0m[0m[31m[31m   |[0m    ^^^^^^^^^^[0m[0m
[0m[[0m[31merror[0m] [0m[0m[31m   |[0m    Not found: Aeropuerto[0m
[0m[[0m[31merror[0m] [0m[0m[31m   |[0m[0m
[0m[[0m[31merror[0m] [0m[0m[31m   |[0m longer explanation available when compiling with `-explain`[0m
[0m[[0m[31merror[0m] [0m[0m[31m[31m-- [E006] Not Found Error: C:\Users\Jose Daniel\Desktop\ProyectoFPFC\src\main\scala\Datos\package.scala:17:4 [0m[0m[0m
[0m[[0m[31merror[0m] [0m[0m[31m17 |[0m    Aeropuerto([31m"SMR"[0m, [31m400[0m, [31m950[0m, -[31m500[0m), [34m// Santa Marta[0m
[0m[[0m[31merror[0m] [0m[0m[31m[31m   |[0m    ^^^^^^^^^^[0m[0m
[0m[[0m[31merror[0m] [0m[0m[31m   |[0m    Not found: Aeropuerto[0m
[0m[[0m[31merror[0m] [0m[0m[31m   |[0m[0m
[0m[[0m[31merror[0m] [0m[0m[31m   |[0m longer explanation available when compiling with `-explain`[0m
[0m[[0m[31merror[0m] [0m[0m[31m[31m-- [E006] Not Found Error: C:\Users\Jose Daniel\Desktop\ProyectoFPFC\src\main\scala\Datos\package.scala:18:4 [0m[0m[0m
[0m[[0m[31merror[0m] [0m[0m[31m18 |[0m    Aeropuerto([31m"CTG"[0m, [31m300[0m, [31m800[0m, -[31m500[0m), [34m// Cartagena[0m
[0m[[0m[31merror[0m] [0m[0m[31m[31m   |[0m    ^^^^^^^^^^[0m[0m
[0m[[0m[31merror[0m] [0m[0m[31m   |[0m    Not found: Aeropuerto[0m
[0m[[0m[31merror[0m] [0m[0m[31m   |[0m[0m
[0m[[0m[31merror[0m] [0m[0m[31m   |[0m longer explanation available when compiling with `-explain`[0m
[0m[[0m[31merror[0m] [0m[0m[31m[31m-- [E006] Not Found Error: C:\Users\Jose Daniel\Desktop\ProyectoFPFC\src\main\scala\Datos\package.scala:19:4 [0m[0m[0m
[0m[[0m[31merror[0m] [0m[0m[31m19 |[0m    Aeropuerto([31m"PTY"[0m, [31m400[0m, [31m1000[0m, -[31m500[0m), [34m// Ciudad de Panamá[0m
[0m[[0m[31merror[0m] [0m[0m[31m[31m   |[0m    ^^^^^^^^^^[0m[0m
[0m[[0m[31merror[0m] [0m[0m[31m   |[0m    Not found: Aeropuerto[0m
[0m[[0m[31merror[0m] [0m[0m[31m   |[0m[0m
[0m[[0m[31merror[0m] [0m[0m[31m   |[0m longer explanation available when compiling with `-explain`[0m
[0m[[0m[31merror[0m] [0m[0m[31m[31m-- [E006] Not Found Error: C:\Users\Jose Daniel\Desktop\ProyectoFPFC\src\main\scala\Datos\package.scala:20:4 [0m[0m[0m
[0m[[0m[31merror[0m] [0m[0m[31m20 |[0m    Aeropuerto([31m"JFK"[0m, [31m2000[0m, [31m2000[0m, -[31m400[0m), [34m// Nueva York[0m
[0m[[0m[31merror[0m] [0m[0m[31m[31m   |[0m    ^^^^^^^^^^[0m[0m
[0m[[0m[31merror[0m] [0m[0m[31m   |[0m    Not found: Aeropuerto[0m
[0m[[0m[31merror[0m] [0m[0m[31m   |[0m[0m
[0m[[0m[31merror[0m] [0m[0m[31m   |[0m longer explanation available when compiling with `-explain`[0m
[0m[[0m[31merror[0m] [0m[0m[31m[31m-- [E006] Not Found Error: C:\Users\Jose Daniel\Desktop\ProyectoFPFC\src\main\scala\Datos\package.scala:21:4 [0m[0m[0m
[0m[[0m[31merror[0m] [0m[0m[31m21 |[0m    Aeropuerto([31m"MIA"[0m, [31m1000[0m, [31m2000[0m, -[31m500[0m), [34m// Miami[0m
[0m[[0m[31merror[0m] [0m[0m[31m[31m   |[0m    ^^^^^^^^^^[0m[0m
[0m[[0m[31merror[0m] [0m[0m[31m   |[0m    Not found: Aeropuerto[0m
[0m[[0m[31merror[0m] [0m[0m[31m   |[0m[0m
[0m[[0m[31merror[0m] [0m[0m[31m   |[0m longer explanation available when compiling with `-explain`[0m
[0m[[0m[31merror[0m] [0m[0m[31m[31m-- [E006] Not Found Error: C:\Users\Jose Daniel\Desktop\ProyectoFPFC\src\main\scala\Datos\package.scala:22:4 [0m[0m[0m
[0m[[0m[31merror[0m] [0m[0m[31m22 |[0m    Aeropuerto([31m"MEX"[0m, [31m1000[0m, [31m1000[0m, -[31m600[0m), [34m// Ciudad de México[0m
[0m[[0m[31merror[0m] [0m[0m[31m[31m   |[0m    ^^^^^^^^^^[0m[0m
[0m[[0m[31merror[0m] [0m[0m[31m   |[0m    Not found: Aeropuerto[0m
[0m[[0m[31merror[0m] [0m[0m[31m   |[0m[0m
[0m[[0m[31merror[0m] [0m[0m[31m   |[0m longer explanation available when compiling with `-explain`[0m
[0m[[0m[31merror[0m] [0m[0m[31m[31m-- [E006] Not Found Error: C:\Users\Jose Daniel\Desktop\ProyectoFPFC\src\main\scala\Datos\package.scala:23:4 [0m[0m[0m
[0m[[0m[31merror[0m] [0m[0m[31m23 |[0m    Aeropuerto([31m"MAD"[0m, [31m5000[0m, [31m5000[0m, [31m100[0m), [34m// Madrid[0m
[0m[[0m[31merror[0m] [0m[0m[31m[31m   |[0m    ^^^^^^^^^^[0m[0m
[0m[[0m[31merror[0m] [0m[0m[31m   |[0m    Not found: Aeropuerto[0m
[0m[[0m[31merror[0m] [0m[0m[31m   |[0m[0m
[0m[[0m[31merror[0m] [0m[0m[31m   |[0m longer explanation available when compiling with `-explain`[0m
[0m[[0m[31merror[0m] [0m[0m[31m[31m-- [E006] Not Found Error: C:\Users\Jose Daniel\Desktop\ProyectoFPFC\src\main\scala\Datos\package.scala:24:4 [0m[0m[0m
[0m[[0m[31merror[0m] [0m[0m[31m24 |[0m    Aeropuerto([31m"SVCS"[0m, [31m400[0m, [31m1000[0m, -[31m600[0m), [34m// Caracas[0m
[0m[[0m[31merror[0m] [0m[0m[31m[31m   |[0m    ^^^^^^^^^^[0m[0m
[0m[[0m[31merror[0m] [0m[0m[31m   |[0m    Not found: Aeropuerto[0m
[0m[[0m[31merror[0m] [0m[0m[31m   |[0m[0m
[0m[[0m[31merror[0m] [0m[0m[31m   |[0m longer explanation available when compiling with `-explain`[0m
[0m[[0m[31merror[0m] [0m[0m[31m[31m-- [E006] Not Found Error: C:\Users\Jose Daniel\Desktop\ProyectoFPFC\src\main\scala\Datos\package.scala:25:4 [0m[0m[0m
[0m[[0m[31merror[0m] [0m[0m[31m25 |[0m    Aeropuerto([31m"MID"[0m, [31m500[0m, [31m100[0m, -[31m600[0m), [34m// Merida[0m
[0m[[0m[31merror[0m] [0m[0m[31m[31m   |[0m    ^^^^^^^^^^[0m[0m
[0m[[0m[31merror[0m] [0m[0m[31m   |[0m    Not found: Aeropuerto[0m
[0m[[0m[31merror[0m] [0m[0m[31m   |[0m[0m
[0m[[0m[31merror[0m] [0m[0m[31m   |[0m longer explanation available when compiling with `-explain`[0m
[0m[[0m[31merror[0m] [0m[0m[31m[31m-- [E006] Not Found Error: C:\Users\Jose Daniel\Desktop\ProyectoFPFC\src\main\scala\Datos\package.scala:26:4 [0m[0m[0m
[0m[[0m[31merror[0m] [0m[0m[31m26 |[0m    Aeropuerto([31m"AUA"[0m, [31m500[0m, [31m2000[0m, -[31m400[0m), [34m// Aruba[0m
[0m[[0m[31merror[0m] [0m[0m[31m[31m   |[0m    ^^^^^^^^^^[0m[0m
[0m[[0m[31merror[0m] [0m[0m[31m   |[0m    Not found: Aeropuerto[0m
[0m[[0m[31merror[0m] [0m[0m[31m   |[0m[0m
[0m[[0m[31merror[0m] [0m[0m[31m   |[0m longer explanation available when compiling with `-explain`[0m
[0m[[0m[31merror[0m] [0m[0m[31m[31m-- [E006] Not Found Error: C:\Users\Jose Daniel\Desktop\ProyectoFPFC\src\main\scala\Datos\package.scala:27:4 [0m[0m[0m
[0m[[0m[31merror[0m] [0m[0m[31m27 |[0m    Aeropuerto([31m"IST"[0m, [31m9000[0m, [31m9000[0m, [31m300[0m), [34m// Estambul[0m
[0m[[0m[31merror[0m] [0m[0m[31m[31m   |[0m    ^^^^^^^^^^[0m[0m
[0m[[0m[31merror[0m] [0m[0m[31m   |[0m    Not found: Aeropuerto[0m
[0m[[0m[31merror[0m] [0m[0m[31m   |[0m[0m
[0m[[0m[31merror[0m] [0m[0m[31m   |[0m longer explanation available when compiling with `-explain`[0m
[0m[[0m[31merror[0m] [0m[0m[31m[31m-- [E006] Not Found Error: C:\Users\Jose Daniel\Desktop\ProyectoFPFC\src\main\scala\Datos\package.scala:28:4 [0m[0m[0m
[0m[[0m[31merror[0m] [0m[0m[31m28 |[0m    Aeropuerto([31m"HND"[0m, [31m10000[0m, [31m12000[0m, [31m900[0m), [34m// Tokio[0m
[0m[[0m[31merror[0m] [0m[0m[31m[31m   |[0m    ^^^^^^^^^^[0m[0m
[0m[[0m[31merror[0m] [0m[0m[31m   |[0m    Not found: Aeropuerto[0m
[0m[[0m[31merror[0m] [0m[0m[31m   |[0m[0m
[0m[[0m[31merror[0m] [0m[0m[31m   |[0m longer explanation available when compiling with `-explain`[0m
[0m[[0m[31merror[0m] [0m[0m[31m[31m-- [E006] Not Found Error: C:\Users\Jose Daniel\Desktop\ProyectoFPFC\src\main\scala\Datos\package.scala:29:4 [0m[0m[0m
[0m[[0m[31merror[0m] [0m[0m[31m29 |[0m    Aeropuerto([31m"DXB"[0m, [31m9500[0m, [31m11500[0m, [31m400[0m), [34m// Dubai[0m
[0m[[0m[31merror[0m] [0m[0m[31m[31m   |[0m    ^^^^^^^^^^[0m[0m
[0m[[0m[31merror[0m] [0m[0m[31m   |[0m    Not found: Aeropuerto[0m
[0m[[0m[31merror[0m] [0m[0m[31m   |[0m[0m
[0m[[0m[31merror[0m] [0m[0m[31m   |[0m longer explanation available when compiling with `-explain`[0m
[0m[[0m[31merror[0m] [0m[0m[31m[31m-- [E006] Not Found Error: C:\Users\Jose Daniel\Desktop\ProyectoFPFC\src\main\scala\Datos\package.scala:30:4 [0m[0m[0m
[0m[[0m[31merror[0m] [0m[0m[31m30 |[0m    Aeropuerto([31m"SVO"[0m, [31m12500[0m, [31m12500[0m, [31m300[0m) [34m// Moscú[0m
[0m[[0m[31merror[0m] [0m[0m[31m[31m   |[0m    ^^^^^^^^^^[0m[0m
[0m[[0m[31merror[0m] [0m[0m[31m   |[0m    Not found: Aeropuerto[0m
[0m[[0m[31merror[0m] [0m[0m[31m   |[0m[0m
[0m[[0m[31merror[0m] [0m[0m[31m   |[0m longer explanation available when compiling with `-explain`[0m
[0m[[0m[31merror[0m] [0m[0m[31m[31m-- [E006] Not Found Error: C:\Users\Jose Daniel\Desktop\ProyectoFPFC\src\main\scala\Datos\package.scala:33:4 [0m[0m[0m
[0m[[0m[31merror[0m] [0m[0m[31m33 |[0m    Vuelo([31m"AIRVZLA"[0m, [31m601[0m, [31m"MID"[0m, [31m5[0m, [31m0[0m, [31m"SVCS"[0m, [31m6[0m, [31m0[0m, [31m0[0m),[0m
[0m[[0m[31merror[0m] [0m[0m[31m[31m   |[0m    ^^^^^[0m[0m
[0m[[0m[31merror[0m] [0m[0m[31m   |[0m    Not found: Vuelo[0m
[0m[[0m[31merror[0m] [0m[0m[31m   |[0m[0m
[0m[[0m[31merror[0m] [0m[0m[31m   |[0m longer explanation available when compiling with `-explain`[0m
[0m[[0m[31merror[0m] [0m[0m[31m[31m-- [E006] Not Found Error: C:\Users\Jose Daniel\Desktop\ProyectoFPFC\src\main\scala\Datos\package.scala:34:4 [0m[0m[0m
[0m[[0m[31merror[0m] [0m[0m[31m34 |[0m    Vuelo([31m"AIRVZLA"[0m, [31m602[0m, [31m"SVCS"[0m, [31m6[0m, [31m30[0m, [31m"MID"[0m, [31m7[0m, [31m30[0m, [31m0[0m),[0m
[0m[[0m[31merror[0m] [0m[0m[31m[31m   |[0m    ^^^^^[0m[0m
[0m[[0m[31merror[0m] [0m[0m[31m   |[0m    Not found: Vuelo[0m
[0m[[0m[31merror[0m] [0m[0m[31m   |[0m[0m
[0m[[0m[31merror[0m] [0m[0m[31m   |[0m longer explanation available when compiling with `-explain`[0m
[0m[[0m[31merror[0m] [0m[0m[31m[31m-- [E006] Not Found Error: C:\Users\Jose Daniel\Desktop\ProyectoFPFC\src\main\scala\Datos\package.scala:35:4 [0m[0m[0m
[0m[[0m[31merror[0m] [0m[0m[31m35 |[0m    Vuelo([31m"AVA"[0m, [31m9432[0m, [31m"CLO"[0m, [31m7[0m, [31m0[0m, [31m"SVO"[0m, [31m2[0m, [31m20[0m, [31m4[0m),[0m
[0m[[0m[31merror[0m] [0m[0m[31m[31m   |[0m    ^^^^^[0m[0m
[0m[[0m[31merror[0m] [0m[0m[31m   |[0m    Not found: Vuelo[0m
[0m[[0m[31merror[0m] [0m[0m[31m   |[0m[0m
[0m[[0m[31merror[0m] [0m[0m[31m   |[0m longer explanation available when compiling with `-explain`[0m
[0m[[0m[31merror[0m] [0m[0m[31m[31m-- [E006] Not Found Error: C:\Users\Jose Daniel\Desktop\ProyectoFPFC\src\main\scala\Datos\package.scala:36:4 [0m[0m[0m
[0m[[0m[31merror[0m] [0m[0m[31m36 |[0m    Vuelo([31m"AVA"[0m, [31m9432[0m, [31m"CLO"[0m, [31m7[0m, [31m0[0m, [31m"BOG"[0m, [31m8[0m, [31m0[0m, [31m0[0m),[0m
[0m[[0m[31merror[0m] [0m[0m[31m[31m   |[0m    ^^^^^[0m[0m
[0m[[0m[31merror[0m] [0m[0m[31m   |[0m    Not found: Vuelo[0m
[0m[[0m[31merror[0m] [0m[0m[31m   |[0m[0m
[0m[[0m[31merror[0m] [0m[0m[31m   |[0m longer explanation available when compiling with `-explain`[0m
[0m[[0m[31merror[0m] [0m[0m[31m[31m-- [E006] Not Found Error: C:\Users\Jose Daniel\Desktop\ProyectoFPFC\src\main\scala\Datos\package.scala:37:4 [0m[0m[0m
[0m[[0m[31merror[0m] [0m[0m[31m37 |[0m    Vuelo([31m"IBERIA"[0m, [31m505[0m, [31m"BOG"[0m, [31m18[0m, [31m0[0m, [31m"MAD"[0m, [31m12[0m, [31m0[0m, [31m0[0m),[0m
[0m[[0m[31merror[0m] [0m[0m[31m[31m   |[0m    ^^^^^[0m[0m
[0m[[0m[31merror[0m] [0m[0m[31m   |[0m    Not found: Vuelo[0m
[0m[[0m[31merror[0m] [0m[0m[31m   |[0m[0m
[0m[[0m[31merror[0m] [0m[0m[31m   |[0m longer explanation available when compiling with `-explain`[0m
[0m[[0m[31merror[0m] [0m[0m[31m[31m-- [E006] Not Found Error: C:\Users\Jose Daniel\Desktop\ProyectoFPFC\src\main\scala\Datos\package.scala:38:4 [0m[0m[0m
[0m[[0m[31merror[0m] [0m[0m[31m38 |[0m    Vuelo([31m"IBERIA"[0m, [31m506[0m, [31m"MAD"[0m, [31m14[0m, [31m0[0m, [31m"SVO"[0m, [31m23[0m, [31m20[0m, [31m0[0m),[0m
[0m[[0m[31merror[0m] [0m[0m[31m[31m   |[0m    ^^^^^[0m[0m
[0m[[0m[31merror[0m] [0m[0m[31m   |[0m    Not found: Vuelo[0m
[0m[[0m[31merror[0m] [0m[0m[31m   |[0m[0m
[0m[[0m[31merror[0m] [0m[0m[31m   |[0m longer explanation available when compiling with `-explain`[0m
[0m[[0m[31merror[0m] [0m[0m[31m[31m-- [E006] Not Found Error: C:\Users\Jose Daniel\Desktop\ProyectoFPFC\src\main\scala\Datos\package.scala:39:4 [0m[0m[0m
[0m[[0m[31merror[0m] [0m[0m[31m39 |[0m    Vuelo([31m"IBERIA"[0m, [31m507[0m, [31m"MAD"[0m, [31m16[0m, [31m0[0m, [31m"SVO"[0m, [31m1[0m, [31m20[0m, [31m0[0m),[0m
[0m[[0m[31merror[0m] [0m[0m[31m[31m   |[0m    ^^^^^[0m[0m
[0m[[0m[31merror[0m] [0m[0m[31m   |[0m    Not found: Vuelo[0m
[0m[[0m[31merror[0m] [0m[0m[31m   |[0m[0m
[0m[[0m[31merror[0m] [0m[0m[31m   |[0m longer explanation available when compiling with `-explain`[0m
[0m[[0m[31merror[0m] [0m[0m[31m[31m-- [E006] Not Found Error: C:\Users\Jose Daniel\Desktop\ProyectoFPFC\src\main\scala\Datos\package.scala:40:4 [0m[0m[0m
[0m[[0m[31merror[0m] [0m[0m[31m40 |[0m    Vuelo([31m"LATAM"[0m, [31m787[0m, [31m"BOG"[0m, [31m17[0m, [31m0[0m, [31m"MEX"[0m, [31m19[0m, [31m0[0m, [31m0[0m),[0m
[0m[[0m[31merror[0m] [0m[0m[31m[31m   |[0m    ^^^^^[0m[0m
[0m[[0m[31merror[0m] [0m[0m[31m   |[0m    Not found: Vuelo[0m
[0m[[0m[31merror[0m] [0m[0m[31m   |[0m[0m
[0m[[0m[31merror[0m] [0m[0m[31m   |[0m longer explanation available when compiling with `-explain`[0m
[0m[[0m[31merror[0m] [0m[0m[31m[31m-- [E006] Not Found Error: C:\Users\Jose Daniel\Desktop\ProyectoFPFC\src\main\scala\Datos\package.scala:41:4 [0m[0m[0m
[0m[[0m[31merror[0m] [0m[0m[31m41 |[0m    Vuelo([31m"VIVA"[0m, [31m756[0m, [31m"BOG"[0m, [31m9[0m, [31m0[0m, [31m"MDE"[0m, [31m10[0m, [31m0[0m, [31m0[0m),[0m
[0m[[0m[31merror[0m] [0m[0m[31m[31m   |[0m    ^^^^^[0m[0m
[0m[[0m[31merror[0m] [0m[0m[31m   |[0m    Not found: Vuelo[0m
[0m[[0m[31merror[0m] [0m[0m[31m   |[0m[0m
[0m[[0m[31merror[0m] [0m[0m[31m   |[0m longer explanation available when compiling with `-explain`[0m
[0m[[0m[31merror[0m] [0m[0m[31m[31m-- [E006] Not Found Error: C:\Users\Jose Daniel\Desktop\ProyectoFPFC\src\main\scala\Datos\package.scala:42:4 [0m[0m[0m
[0m[[0m[31merror[0m] [0m[0m[31m42 |[0m    Vuelo([31m"VIVA"[0m, [31m769[0m, [31m"MDE"[0m, [31m11[0m, [31m0[0m, [31m"BAQ"[0m, [31m12[0m, [31m0[0m, [31m0[0m),[0m
[0m[[0m[31merror[0m] [0m[0m[31m[31m   |[0m    ^^^^^[0m[0m
[0m[[0m[31merror[0m] [0m[0m[31m   |[0m    Not found: Vuelo[0m
[0m[[0m[31merror[0m] [0m[0m[31m   |[0m[0m
[0m[[0m[31merror[0m] [0m[0m[31m   |[0m longer explanation available when compiling with `-explain`[0m
[0m[[0m[31merror[0m] [0m[0m[31m[31m-- [E006] Not Found Error: C:\Users\Jose Daniel\Desktop\ProyectoFPFC\src\main\scala\Datos\package.scala:43:4 [0m[0m[0m
[0m[[0m[31merror[0m] [0m[0m[31m43 |[0m    Vuelo([31m"AVA"[0m, [31m5643[0m, [31m"BAQ"[0m, [31m14[0m, [31m0[0m, [31m"MEX"[0m, [31m16[0m, [31m0[0m, [31m0[0m),[0m
[0m[[0m[31merror[0m] [0m[0m[31m[31m   |[0m    ^^^^^[0m[0m
[0m[[0m[31merror[0m] [0m[0m[31m   |[0m    Not found: Vuelo[0m
[0m[[0m[31merror[0m] [0m[0m[31m   |[0m[0m
[0m[[0m[31merror[0m] [0m[0m[31m   |[0m longer explanation available when compiling with `-explain`[0m
[0m[[0m[31merror[0m] [0m[0m[31m[31m-- [E006] Not Found Error: C:\Users\Jose Daniel\Desktop\ProyectoFPFC\src\main\scala\Datos\package.scala:44:4 [0m[0m[0m
[0m[[0m[31merror[0m] [0m[0m[31m44 |[0m    Vuelo([31m"COPA"[0m, [31m1234[0m, [31m"CTG"[0m, [31m10[0m, [31m0[0m, [31m"PTY"[0m, [31m11[0m, [31m30[0m, [31m0[0m),[0m
[0m[[0m[31merror[0m] [0m[0m[31m[31m   |[0m    ^^^^^[0m[0m
[0m[[0m[31merror[0m] [0m[0m[31m   |[0m    Not found: Vuelo[0m
[0m[[0m[31merror[0m] [0m[0m[31m   |[0m[0m
[0m[[0m[31merror[0m] [0m[0m[31m   |[0m longer explanation available when compiling with `-explain`[0m
[0m[[0m[31merror[0m] [0m[0m[31m[31m-- [E006] Not Found Error: C:\Users\Jose Daniel\Desktop\ProyectoFPFC\src\main\scala\Datos\package.scala:45:4 [0m[0m[0m
[0m[[0m[31merror[0m] [0m[0m[31m45 |[0m    Vuelo([31m"AVA"[0m, [31m4321[0m, [31m"CTG"[0m, [31m9[0m, [31m30[0m, [31m"SMR"[0m, [31m10[0m, [31m0[0m, [31m0[0m),[0m
[0m[[0m[31merror[0m] [0m[0m[31m[31m   |[0m    ^^^^^[0m[0m
[0m[[0m[31merror[0m] [0m[0m[31m   |[0m    Not found: Vuelo[0m
[0m[[0m[31merror[0m] [0m[0m[31m   |[0m[0m
[0m[[0m[31merror[0m] [0m[0m[31m   |[0m longer explanation available when compiling with `-explain`[0m
[0m[[0m[31merror[0m] [0m[0m[31m[31m-- [E006] Not Found Error: C:\Users\Jose Daniel\Desktop\ProyectoFPFC\src\main\scala\Datos\package.scala:46:4 [0m[0m[0m
[0m[[0m[31merror[0m] [0m[0m[31m46 |[0m    Vuelo([31m"COPA"[0m, [31m7631[0m, [31m"SMR"[0m, [31m10[0m, [31m50[0m, [31m"PTY"[0m, [31m11[0m, [31m50[0m, [31m0[0m),[0m
[0m[[0m[31merror[0m] [0m[0m[31m[31m   |[0m    ^^^^^[0m[0m
[0m[[0m[31merror[0m] [0m[0m[31m   |[0m    Not found: Vuelo[0m
[0m[[0m[31merror[0m] [0m[0m[31m   |[0m[0m
[0m[[0m[31merror[0m] [0m[0m[31m   |[0m longer explanation available when compiling with `-explain`[0m
[0m[[0m[31merror[0m] [0m[0m[31m[31m-- [E006] Not Found Error: C:\Users\Jose Daniel\Desktop\ProyectoFPFC\src\main\scala\Datos\package.scala:47:4 [0m[0m[0m
[0m[[0m[31merror[0m] [0m[0m[31m47 |[0m    Vuelo([31m"TURKISH"[0m, [31m7799[0m, [31m"CLO"[0m, [31m7[0m, [31m0[0m, [31m"IST"[0m, [31m14[0m, [31m0[0m, [31m3[0m),[0m
[0m[[0m[31merror[0m] [0m[0m[31m[31m   |[0m    ^^^^^[0m[0m
[0m[[0m[31merror[0m] [0m[0m[31m   |[0m    Not found: Vuelo[0m
[0m[[0m[31merror[0m] [0m[0m[31m   |[0m[0m
[0m[[0m[31merror[0m] [0m[0m[31m   |[0m longer explanation available when compiling with `-explain`[0m
[0m[[0m[31merror[0m] [0m[0m[31m[31m-- [E006] Not Found Error: C:\Users\Jose Daniel\Desktop\ProyectoFPFC\src\main\scala\Datos\package.scala:48:4 [0m[0m[0m
[0m[[0m[31merror[0m] [0m[0m[31m48 |[0m    Vuelo([31m"QATAR"[0m, [31m5566[0m, [31m"IST"[0m, [31m23[0m, [31m0[0m, [31m"SVO"[0m, [31m2[0m, [31m0[0m, [31m0[0m),[0m
[0m[[0m[31merror[0m] [0m[0m[31m[31m   |[0m    ^^^^^[0m[0m
[0m[[0m[31merror[0m] [0m[0m[31m   |[0m    Not found: Vuelo[0m
[0m[[0m[31merror[0m] [0m[0m[31m   |[0m[0m
[0m[[0m[31merror[0m] [0m[0m[31m   |[0m longer explanation available when compiling with `-explain`[0m
[0m[[0m[31merror[0m] [0m[0m[31m[31m-- [E006] Not Found Error: C:\Users\Jose Daniel\Desktop\ProyectoFPFC\src\main\scala\Datos\package.scala:57:4 [0m[0m[0m
[0m[[0m[31merror[0m] [0m[0m[31m57 |[0m    Aeropuerto([31m"ABQ"[0m, [31m195[0m, [31m275[0m, -[31m800[0m),[0m
[0m[[0m[31merror[0m] [0m[0m[31m[31m   |[0m    ^^^^^^^^^^[0m[0m
[0m[[0m[31merror[0m] [0m[0m[31m   |[0m    Not found: Aeropuerto[0m
[0m[[0m[31merror[0m] [0m[0m[31m   |[0m[0m
[0m[[0m[31merror[0m] [0m[0m[31m   |[0m longer explanation available when compiling with `-explain`[0m
[0m[[0m[31merror[0m] [0m[0m[31m[31m-- [E006] Not Found Error: C:\Users\Jose Daniel\Desktop\ProyectoFPFC\src\main\scala\Datos\package.scala:58:4 [0m[0m[0m
[0m[[0m[31merror[0m] [0m[0m[31m58 |[0m    Aeropuerto([31m"ATL"[0m, [31m470[0m, [31m280[0m, -[31m600[0m),[0m
[0m[[0m[31merror[0m] [0m[0m[31m[31m   |[0m    ^^^^^^^^^^[0m[0m
[0m[[0m[31merror[0m] [0m[0m[31m   |[0m    Not found: Aeropuerto[0m
[0m[[0m[31merror[0m] [0m[0m[31m   |[0m[0m
[0m[[0m[31merror[0m] [0m[0m[31m   |[0m longer explanation available when compiling with `-explain`[0m
[0m[[0m[31merror[0m] [0m[0m[31m[31m-- [E006] Not Found Error: C:\Users\Jose Daniel\Desktop\ProyectoFPFC\src\main\scala\Datos\package.scala:59:4 [0m[0m[0m
[0m[[0m[31merror[0m] [0m[0m[31m59 |[0m    Aeropuerto([31m"BNA"[0m, [31m430[0m, [31m240[0m, -[31m700[0m),[0m
[0m[[0m[31merror[0m] [0m[0m[31m[31m   |[0m    ^^^^^^^^^^[0m[0m
[0m[[0m[31merror[0m] [0m[0m[31m   |[0m    Not found: Aeropuerto[0m
[0m[[0m[31merror[0m] [0m[0m[31m   |[0m[0m
[0m[[0m[31merror[0m] [0m[0m[31m   |[0m longer explanation available when compiling with `-explain`[0m
[0m[[0m[31merror[0m] [0m[0m[31m[31m-- [E006] Not Found Error: C:\Users\Jose Daniel\Desktop\ProyectoFPFC\src\main\scala\Datos\package.scala:60:4 [0m[0m[0m
[0m[[0m[31merror[0m] [0m[0m[31m60 |[0m    Aeropuerto([31m"BOS"[0m, [31m590[0m, [31m100[0m, -[31m600[0m),[0m
[0m[[0m[31merror[0m] [0m[0m[31m[31m   |[0m    ^^^^^^^^^^[0m[0m
[0m[[0m[31merror[0m] [0m[0m[31m   |[0m    Not found: Aeropuerto[0m
[0m[[0m[31merror[0m] [0m[0m[31m   |[0m[0m
[0m[[0m[31merror[0m] [0m[0m[31m   |[0m longer explanation available when compiling with `-explain`[0m
[0m[[0m[31merror[0m] [0m[0m[31m[31m-- [E006] Not Found Error: C:\Users\Jose Daniel\Desktop\ProyectoFPFC\src\main\scala\Datos\package.scala:61:4 [0m[0m[0m
[0m[[0m[31merror[0m] [0m[0m[31m61 |[0m    Aeropuerto([31m"DCA"[0m, [31m540[0m, [31m180[0m, -[31m600[0m),[0m
[0m[[0m[31merror[0m] [0m[0m[31m[31m   |[0m    ^^^^^^^^^^[0m[0m
[0m[[0m[31merror[0m] [0m[0m[31m   |[0m    Not found: Aeropuerto[0m
[0m[[0m[31merror[0m] [0m[0m[31m   |[0m[0m
[0m[[0m[31merror[0m] [0m[0m[31m   |[0m longer explanation available when compiling with `-explain`[0m
[0m[[0m[31merror[0m] [0m[0m[31m[31m-- [E006] Not Found Error: C:\Users\Jose Daniel\Desktop\ProyectoFPFC\src\main\scala\Datos\package.scala:62:4 [0m[0m[0m
[0m[[0m[31merror[0m] [0m[0m[31m62 |[0m    Aeropuerto([31m"DEN"[0m, [31m215[0m, [31m205[0m, -[31m800[0m),[0m
[0m[[0m[31merror[0m] [0m[0m[31m[31m   |[0m    ^^^^^^^^^^[0m[0m
[0m[[0m[31merror[0m] [0m[0m[31m   |[0m    Not found: Aeropuerto[0m
[0m[[0m[31merror[0m] [0m[0m[31m   |[0m[0m
[0m[[0m[31merror[0m] [0m[0m[31m   |[0m longer explanation available when compiling with `-explain`[0m
[0m[[0m[31merror[0m] [0m[0m[31m[31m-- [E006] Not Found Error: C:\Users\Jose Daniel\Desktop\ProyectoFPFC\src\main\scala\Datos\package.scala:63:4 [0m[0m[0m
[0m[[0m[31merror[0m] [0m[0m[31m63 |[0m    Aeropuerto([31m"DFW"[0m, [31m310[0m, [31m305[0m, -[31m700[0m),[0m
[0m[[0m[31merror[0m] [0m[0m[31m[31m   |[0m    ^^^^^^^^^^[0m[0m
[0m[[0m[31merror[0m] [0m[0m[31m   |[0m    Not found: Aeropuerto[0m
[0m[[0m[31merror[0m] [0m[0m[31m   |[0m[0m
[0m[[0m[31merror[0m] [0m[0m[31m   |[0m longer explanation available when compiling with `-explain`[0m
[0m[[0m[31merror[0m] [0m[0m[31m[31m-- [E006] Not Found Error: C:\Users\Jose Daniel\Desktop\ProyectoFPFC\src\main\scala\Datos\package.scala:64:4 [0m[0m[0m
[0m[[0m[31merror[0m] [0m[0m[31m64 |[0m    Aeropuerto([31m"DTW"[0m, [31m445[0m, [31m140[0m, -[31m600[0m),[0m
[0m[[0m[31merror[0m] [0m[0m[31m[31m   |[0m    ^^^^^^^^^^[0m[0m
[0m[[0m[31merror[0m] [0m[0m[31m   |[0m    Not found: Aeropuerto[0m
[0m[[0m[31merror[0m] [0m[0m[31m   |[0m[0m
[0m[[0m[31merror[0m] [0m[0m[31m   |[0m longer explanation available when compiling with `-explain`[0m
[0m[[0m[31merror[0m] [0m[0m[31m[31m-- [E006] Not Found Error: C:\Users\Jose Daniel\Desktop\ProyectoFPFC\src\main\scala\Datos\package.scala:65:4 [0m[0m[0m
[0m[[0m[31merror[0m] [0m[0m[31m65 |[0m    Aeropuerto([31m"HOU"[0m, [31m330[0m, [31m355[0m, -[31m700[0m),[0m
[0m[[0m[31merror[0m] [0m[0m[31m[31m   |[0m    ^^^^^^^^^^[0m[0m
[0m[[0m[31merror[0m] [0m[0m[31m   |[0m    Not found: Aeropuerto[0m
[0m[[0m[31merror[0m] [0m[0m[31m   |[0m[0m
[0m[[0m[31merror[0m] [0m[0m[31m   |[0m longer explanation available when compiling with `-explain`[0m
[0m[[0m[31merror[0m] [0m[0m[31m[31m-- [E006] Not Found Error: C:\Users\Jose Daniel\Desktop\ProyectoFPFC\src\main\scala\Datos\package.scala:66:4 [0m[0m[0m
[0m[[0m[31merror[0m] [0m[0m[31m66 |[0m    Aeropuerto([31m"JFK"[0m, [31m565[0m, [31m130[0m, -[31m600[0m),[0m
[0m[[0m[31merror[0m] [0m[0m[31m[31m   |[0m    ^^^^^^^^^^[0m[0m
[0m[[0m[31merror[0m] [0m[0m[31m   |[0m    Not found: Aeropuerto[0m
[0m[[0m[31merror[0m] [0m[0m[31m   |[0m[0m
[0m[[0m[31merror[0m] [0m[0m[31m   |[0m longer explanation available when compiling with `-explain`[0m
[0m[[0m[31merror[0m] [0m[0m[31m[31m-- [E006] Not Found Error: C:\Users\Jose Daniel\Desktop\ProyectoFPFC\src\main\scala\Datos\package.scala:67:4 [0m[0m[0m
[0m[[0m[31merror[0m] [0m[0m[31m67 |[0m    Aeropuerto([31m"LAX"[0m, [31m55[0m, [31m270[0m, -[31m900[0m),[0m
[0m[[0m[31merror[0m] [0m[0m[31m[31m   |[0m    ^^^^^^^^^^[0m[0m
[0m[[0m[31merror[0m] [0m[0m[31m   |[0m    Not found: Aeropuerto[0m
[0m[[0m[31merror[0m] [0m[0m[31m   |[0m[0m
[0m[[0m[31merror[0m] [0m[0m[31m   |[0m longer explanation available when compiling with `-explain`[0m
[0m[[0m[31merror[0m] [0m[0m[31m[31m-- [E006] Not Found Error: C:\Users\Jose Daniel\Desktop\ProyectoFPFC\src\main\scala\Datos\package.scala:68:4 [0m[0m[0m
[0m[[0m[31merror[0m] [0m[0m[31m68 |[0m    Aeropuerto([31m"MIA"[0m, [31m535[0m, [31m390[0m, -[31m600[0m),[0m
[0m[[0m[31merror[0m] [0m[0m[31m[31m   |[0m    ^^^^^^^^^^[0m[0m
[0m[[0m[31merror[0m] [0m[0m[31m   |[0m    Not found: Aeropuerto[0m
[0m[[0m[31merror[0m] [0m[0m[31m   |[0m[0m
[0m[[0m[31merror[0m] [0m[0m[31m   |[0m longer explanation available when compiling with `-explain`[0m
[0m[[0m[31merror[0m] [0m[0m[31m[31m-- [E006] Not Found Error: C:\Users\Jose Daniel\Desktop\ProyectoFPFC\src\main\scala\Datos\package.scala:69:4 [0m[0m[0m
[0m[[0m[31merror[0m] [0m[0m[31m69 |[0m    Aeropuerto([31m"MSP"[0m, [31m340[0m, [31m115[0m, -[31m700[0m),[0m
[0m[[0m[31merror[0m] [0m[0m[31m[31m   |[0m    ^^^^^^^^^^[0m[0m
[0m[[0m[31merror[0m] [0m[0m[31m   |[0m    Not found: Aeropuerto[0m
[0m[[0m[31merror[0m] [0m[0m[31m   |[0m[0m
[0m[[0m[31merror[0m] [0m[0m[31m   |[0m longer explanation available when compiling with `-explain`[0m
[0m[[0m[31merror[0m] [0m[0m[31m[31m-- [E006] Not Found Error: C:\Users\Jose Daniel\Desktop\ProyectoFPFC\src\main\scala\Datos\package.scala:70:4 [0m[0m[0m
[0m[[0m[31merror[0m] [0m[0m[31m70 |[0m    Aeropuerto([31m"MSY"[0m, [31m405[0m, [31m345[0m, -[31m700[0m),[0m
[0m[[0m[31merror[0m] [0m[0m[31m[31m   |[0m    ^^^^^^^^^^[0m[0m
[0m[[0m[31merror[0m] [0m[0m[31m   |[0m    Not found: Aeropuerto[0m
[0m[[0m[31merror[0m] [0m[0m[31m   |[0m[0m
[0m[[0m[31merror[0m] [0m[0m[31m   |[0m longer explanation available when compiling with `-explain`[0m
[0m[[0m[31merror[0m] [0m[0m[31m[31m-- [E006] Not Found Error: C:\Users\Jose Daniel\Desktop\ProyectoFPFC\src\main\scala\Datos\package.scala:71:4 [0m[0m[0m
[0m[[0m[31merror[0m] [0m[0m[31m71 |[0m    Aeropuerto([31m"ORD"[0m, [31m410[0m, [31m155[0m, -[31m700[0m),[0m
[0m[[0m[31merror[0m] [0m[0m[31m[31m   |[0m    ^^^^^^^^^^[0m[0m
[0m[[0m[31merror[0m] [0m[0m[31m   |[0m    Not found: Aeropuerto[0m
[0m[[0m[31merror[0m] [0m[0m[31m   |[0m[0m
[0m[[0m[31merror[0m] [0m[0m[31m   |[0m longer explanation available when compiling with `-explain`[0m
[0m[[0m[31merror[0m] [0m[0m[31m[31m-- [E006] Not Found Error: C:\Users\Jose Daniel\Desktop\ProyectoFPFC\src\main\scala\Datos\package.scala:72:4 [0m[0m[0m
[0m[[0m[31merror[0m] [0m[0m[31m72 |[0m    Aeropuerto([31m"PHL"[0m, [31m550[0m, [31m155[0m, -[31m600[0m),[0m
[0m[[0m[31merror[0m] [0m[0m[31m[31m   |[0m    ^^^^^^^^^^[0m[0m
[0m[[0m[31merror[0m] [0m[0m[31m   |[0m    Not found: Aeropuerto[0m
[0m[[0m[31merror[0m] [0m[0m[31m   |[0m[0m
[0m[[0m[31merror[0m] [0m[0m[31m   |[0m longer explanation available when compiling with `-explain`[0m
[0m[[0m[31merror[0m] [0m[0m[31m[31m-- [E006] Not Found Error: C:\Users\Jose Daniel\Desktop\ProyectoFPFC\src\main\scala\Datos\package.scala:73:4 [0m[0m[0m
[0m[[0m[31merror[0m] [0m[0m[31m73 |[0m    Aeropuerto([31m"PHX"[0m, [31m120[0m, [31m290[0m, -[31m800[0m),[0m
[0m[[0m[31merror[0m] [0m[0m[31m[31m   |[0m    ^^^^^^^^^^[0m[0m
[0m[[0m[31merror[0m] [0m[0m[31m   |[0m    Not found: Aeropuerto[0m
[0m[[0m[31merror[0m] [0m[0m[31m   |[0m[0m
[0m[[0m[31merror[0m] [0m[0m[31m   |[0m longer explanation available when compiling with `-explain`[0m
[0m[[0m[31merror[0m] [0m[0m[31m[31m-- [E006] Not Found Error: C:\Users\Jose Daniel\Desktop\ProyectoFPFC\src\main\scala\Datos\package.scala:74:4 [0m[0m[0m
[0m[[0m[31merror[0m] [0m[0m[31m74 |[0m    Aeropuerto([31m"PVD"[0m, [31m595[0m, [31m122[0m, -[31m600[0m),[0m
[0m[[0m[31merror[0m] [0m[0m[31m[31m   |[0m    ^^^^^^^^^^[0m[0m
[0m[[0m[31merror[0m] [0m[0m[31m   |[0m    Not found: Aeropuerto[0m
[0m[[0m[31merror[0m] [0m[0m[31m   |[0m[0m
[0m[[0m[31merror[0m] [0m[0m[31m   |[0m longer explanation available when compiling with `-explain`[0m
[0m[[0m[31merror[0m] [0m[0m[31m[31m-- [E006] Not Found Error: C:\Users\Jose Daniel\Desktop\ProyectoFPFC\src\main\scala\Datos\package.scala:75:4 [0m[0m[0m
[0m[[0m[31merror[0m] [0m[0m[31m75 |[0m    Aeropuerto([31m"RDU"[0m, [31m530[0m, [31m230[0m, -[31m600[0m),[0m
[0m[[0m[31merror[0m] [0m[0m[31m[31m   |[0m    ^^^^^^^^^^[0m[0m
[0m[[0m[31merror[0m] [0m[0m[31m   |[0m    Not found: Aeropuerto[0m
[0m[[0m[31merror[0m] [0m[0m[31m   |[0m[0m
[0m[[0m[31merror[0m] [0m[0m[31m   |[0m longer explanation available when compiling with `-explain`[0m
[0m[[0m[31merror[0m] [0m[0m[31m[31m-- [E006] Not Found Error: C:\Users\Jose Daniel\Desktop\ProyectoFPFC\src\main\scala\Datos\package.scala:76:4 [0m[0m[0m
[0m[[0m[31merror[0m] [0m[0m[31m76 |[0m    Aeropuerto([31m"SEA"[0m, [31m55[0m, [31m45[0m, -[31m900[0m),[0m
[0m[[0m[31merror[0m] [0m[0m[31m[31m   |[0m    ^^^^^^^^^^[0m[0m
[0m[[0m[31merror[0m] [0m[0m[31m   |[0m    Not found: Aeropuerto[0m
[0m[[0m[31merror[0m] [0m[0m[31m   |[0m[0m
[0m[[0m[31merror[0m] [0m[0m[31m   |[0m longer explanation available when compiling with `-explain`[0m
[0m[[0m[31merror[0m] [0m[0m[31m[31m-- [E006] Not Found Error: C:\Users\Jose Daniel\Desktop\ProyectoFPFC\src\main\scala\Datos\package.scala:77:4 [0m[0m[0m
[0m[[0m[31merror[0m] [0m[0m[31m77 |[0m    Aeropuerto([31m"SFO"[0m, [31m10[0m, [31m190[0m, -[31m900[0m),[0m
[0m[[0m[31merror[0m] [0m[0m[31m[31m   |[0m    ^^^^^^^^^^[0m[0m
[0m[[0m[31merror[0m] [0m[0m[31m   |[0m    Not found: Aeropuerto[0m
[0m[[0m[31merror[0m] [0m[0m[31m   |[0m[0m
[0m[[0m[31merror[0m] [0m[0m[31m   |[0m longer explanation available when compiling with `-explain`[0m
[0m[[0m[31merror[0m] [0m[0m[31m[31m-- [E006] Not Found Error: C:\Users\Jose Daniel\Desktop\ProyectoFPFC\src\main\scala\Datos\package.scala:78:4 [0m[0m[0m
[0m[[0m[31merror[0m] [0m[0m[31m78 |[0m    Aeropuerto([31m"STL"[0m, [31m380[0m, [31m210[0m, -[31m700[0m),[0m
[0m[[0m[31merror[0m] [0m[0m[31m[31m   |[0m    ^^^^^^^^^^[0m[0m
[0m[[0m[31merror[0m] [0m[0m[31m   |[0m    Not found: Aeropuerto[0m
[0m[[0m[31merror[0m] [0m[0m[31m   |[0m[0m
[0m[[0m[31merror[0m] [0m[0m[31m   |[0m longer explanation available when compiling with `-explain`[0m
[0m[[0m[31merror[0m] [0m[0m[31m[31m-- [E006] Not Found Error: C:\Users\Jose Daniel\Desktop\ProyectoFPFC\src\main\scala\Datos\package.scala:79:4 [0m[0m[0m
[0m[[0m[31merror[0m] [0m[0m[31m79 |[0m    Aeropuerto([31m"TPA"[0m, [31m500[0m, [31m360[0m, -[31m600[0m)[0m
[0m[[0m[31merror[0m] [0m[0m[31m[31m   |[0m    ^^^^^^^^^^[0m[0m
[0m[[0m[31merror[0m] [0m[0m[31m   |[0m    Not found: Aeropuerto[0m
[0m[[0m[31merror[0m] [0m[0m[31m   |[0m[0m
[0m[[0m[31merror[0m] [0m[0m[31m   |[0m longer explanation available when compiling with `-explain`[0m
[0m[[0m[31merror[0m] [0m[0m57 errors found[0m
[0m[[0m[31merror[0m] [0m[0m(Compile / [31mcompileIncremental[0m) Compilation failed[0m
[0m[[0m[31merror[0m] [0m[0mTotal time: 9 s, completed 23 may 2024 20:49:08[0m
[0m[[0m[0mdebug[0m] [0m[0m> Exec(shell, None, None)[0m
